<?xml version="1.0" encoding="UTF-8"?>
<testsuite name="ru.nsu.repin.HeapSortTests" tests="5" skipped="0" failures="0" errors="0" timestamp="2022-09-06T17:01:05" hostname="COMP_I5" time="0.146">
  <properties/>
  <testcase name="testEmptyArray()" classname="ru.nsu.repin.HeapSortTests" time="0.036"/>
  <testcase name="testFiveElemArray()" classname="ru.nsu.repin.HeapSortTests" time="0.001"/>
  <testcase name="testTwoElemArray()" classname="ru.nsu.repin.HeapSortTests" time="0.001"/>
  <testcase name="testBigArray()" classname="ru.nsu.repin.HeapSortTests" time="0.102"/>
  <testcase name="testOneElemArray()" classname="ru.nsu.repin.HeapSortTests" time="0.002"/>
  <system-out><![CDATA[]]></system-out>
  <system-err><![CDATA[]]></system-err>
</testsuite>
